kotlin version: 2.2.20
error message: java.lang.RuntimeException: Exception while generating code for:
FUN name:onCreate visibility:protected modality:OPEN returnType:kotlin.Unit
  VALUE_PARAMETER kind:DispatchReceiver name:<this> index:0 type:com.example.attendease.ui.auth.LoginActivity
  VALUE_PARAMETER kind:Regular name:savedInstanceState index:1 type:android.os.Bundle?
  overridden:
    protected/*protected and package*/ open fun onCreate (p0: @[EnhancedNullability] android.os.Bundle?): kotlin.Unit [fake_override] declared in androidx.appcompat.app.AppCompatActivity
  BLOCK_BODY
    CALL 'protected/*protected and package*/ open fun onCreate (p0: @[EnhancedNullability] android.os.Bundle?): kotlin.Unit [fake_override] declared in androidx.appcompat.app.AppCompatActivity' superQualifier='CLASS IR_EXTERNAL_JAVA_DECLARATION_STUB CLASS name:AppCompatActivity modality:OPEN visibility:public superTypes:[androidx.fragment.app.FragmentActivity; androidx.appcompat.app.AppCompatCallback; androidx.core.app.TaskStackBuilder.SupportParentable; androidx.appcompat.app.ActionBarDrawerToggle.DelegateProvider]' type=kotlin.Unit origin=null
      ARG <this>: GET_VAR '<this>: com.example.attendease.ui.auth.LoginActivity declared in com.example.attendease.ui.auth.LoginActivity.onCreate' type=com.example.attendease.ui.auth.LoginActivity origin=IMPLICIT_ARGUMENT
      ARG p0: GET_VAR 'savedInstanceState: android.os.Bundle? declared in com.example.attendease.ui.auth.LoginActivity.onCreate' type=android.os.Bundle? origin=null
    SET_FIELD 'FIELD PROPERTY_BACKING_FIELD name:binding type:com.example.attendease.databinding.LoginScreenBinding? visibility:private' type=kotlin.Unit origin=null
      receiver: GET_VAR '<this>: com.example.attendease.ui.auth.LoginActivity declared in com.example.attendease.ui.auth.LoginActivity.onCreate' type=com.example.attendease.ui.auth.LoginActivity origin=IMPLICIT_ARGUMENT
      value: BLOCK type=com.example.attendease.databinding.LoginScreenBinding origin=null
        VAR IR_TEMPORARY_VARIABLE name:tmp0 type:kotlin.Any? [val]
          CALL 'public open fun inflate (inflater: @[EnhancedNullability] android.view.LayoutInflater): @[EnhancedNullability] com.example.attendease.databinding.LoginScreenBinding declared in com.example.attendease.databinding.LoginScreenBinding' type=@[EnhancedNullability] com.example.attendease.databinding.LoginScreenBinding origin=null
            ARG inflater: CALL 'public open fun getLayoutInflater (): @[EnhancedNullability] android.view.LayoutInflater [fake_override] declared in com.example.attendease.ui.auth.LoginActivity' type=@[EnhancedNullability] android.view.LayoutInflater origin=GET_PROPERTY
              ARG <this>: GET_VAR '<this>: com.example.attendease.ui.auth.LoginActivity declared in com.example.attendease.ui.auth.LoginActivity.onCreate' type=com.example.attendease.ui.auth.LoginActivity origin=IMPLICIT_ARGUMENT
        CALL 'public final fun checkNotNullExpressionValue (value: kotlin.Any?, expression: kotlin.String): kotlin.Unit declared in kotlin.jvm.internal.Intrinsics' type=kotlin.Unit origin=null
          ARG value: GET_VAR 'val tmp0: kotlin.Any? [val] declared in com.example.attendease.ui.auth.LoginActivity.onCreate' type=kotlin.Any? origin=null
          ARG expression: CONST String type=kotlin.String value="inflate(...)"
        GET_VAR 'val tmp0: kotlin.Any? [val] declared in com.example.attendease.ui.auth.LoginActivity.onCreate' type=kotlin.Any? origin=null
    CALL 'public open fun setContentView (p0: @[EnhancedNullability] android.view.View?): kotlin.Unit [fake_override] declared in com.example.attendease.ui.auth.LoginActivity' type=kotlin.Unit origin=null
      ARG <this>: GET_VAR '<this>: com.example.attendease.ui.auth.LoginActivity declared in com.example.attendease.ui.auth.LoginActivity.onCreate' type=com.example.attendease.ui.auth.LoginActivity origin=IMPLICIT_ARGUMENT
      ARG p0: CALL 'public open fun getRoot (): @[EnhancedNullability] androidx.constraintlayout.widget.ConstraintLayout declared in com.example.attendease.databinding.LoginScreenBinding' type=@[EnhancedNullability] androidx.constraintlayout.widget.ConstraintLayout origin=GET_PROPERTY
        ARG <this>: BLOCK type=com.example.attendease.databinding.LoginScreenBinding origin=FOLDED_ELVIS
          WHEN type=com.example.attendease.databinding.LoginScreenBinding origin=FOLDED_ELVIS
            BRANCH
              if: COMPOSITE type=kotlin.Boolean origin=null
                VAR IR_TEMPORARY_VARIABLE name:tmp0 type:com.example.attendease.databinding.LoginScreenBinding? [val]
                  GET_FIELD 'FIELD PROPERTY_BACKING_FIELD name:binding type:com.example.attendease.databinding.LoginScreenBinding? visibility:private' type=com.example.attendease.databinding.LoginScreenBinding? origin=null
                    receiver: GET_VAR '<this>: com.example.attendease.ui.auth.LoginActivity declared in com.example.attendease.ui.auth.LoginActivity.onCreate' type=com.example.attendease.ui.auth.LoginActivity origin=IMPLICIT_ARGUMENT
                CALL 'public final fun not (): kotlin.Boolean [operator] declared in kotlin.Boolean' type=kotlin.Boolean origin=null
                  ARG <this>: CALL 'public final fun EQEQ (arg0: kotlin.Any?, arg1: kotlin.Any?): kotlin.Boolean declared in kotlin.internal.ir' type=kotlin.Boolean origin=null
                    ARG arg0: GET_VAR 'val tmp0: com.example.attendease.databinding.LoginScreenBinding? [val] declared in com.example.attendease.ui.auth.LoginActivity.onCreate' type=com.example.attendease.databinding.LoginScreenBinding? origin=null
                    ARG arg1: CONST Null type=kotlin.Nothing? value=null
              then: GET_VAR 'val tmp0: com.example.attendease.databinding.LoginScreenBinding? [val] declared in com.example.attendease.ui.auth.LoginActivity.onCreate' type=com.example.attendease.databinding.LoginScreenBinding? origin=null
            BRANCH
              if: CONST Boolean type=kotlin.Boolean value=true
              then: BLOCK type=kotlin.Unit origin=null
                CALL 'public final fun throwUninitializedPropertyAccessException (propertyName: kotlin.String): kotlin.Unit declared in kotlin.jvm.internal.Intrinsics' type=kotlin.Unit origin=null
                  ARG propertyName: CONST String type=kotlin.String value="binding"
    CALL 'public final fun enableEdgeToEdge$default (<this>: androidx.activity.ComponentActivity, statusBarStyle: androidx.activity.SystemBarStyle?, navigationBarStyle: androidx.activity.SystemBarStyle?, $mask0: kotlin.Int, $handler: kotlin.Any?): kotlin.Unit declared in androidx.activity.EdgeToEdge' type=kotlin.Unit origin=DEFAULT_DISPATCH_CALL
      ARG <this>: GET_VAR '<this>: com.example.attendease.ui.auth.LoginActivity declared in com.example.attendease.ui.auth.LoginActivity.onCreate' type=com.example.attendease.ui.auth.LoginActivity origin=IMPLICIT_ARGUMENT
      ARG statusBarStyle: COMPOSITE type=androidx.activity.SystemBarStyle? origin=DEFAULT_VALUE
        CONST Null type=androidx.activity.SystemBarStyle? value=null
      ARG navigationBarStyle: COMPOSITE type=androidx.activity.SystemBarStyle? origin=DEFAULT_VALUE
        CONST Null type=androidx.activity.SystemBarStyle? value=null
      ARG $mask0: CONST Int type=kotlin.Int value=3
      ARG $handler: CONST Null type=kotlin.Any? value=null
    CALL 'public open fun setOnApplyWindowInsetsListener (p0: @[NonNull] @[EnhancedNullability] android.view.View, p1: @[Nullable] @[EnhancedNullability] androidx.core.view.OnApplyWindowInsetsListener?): kotlin.Unit declared in androidx.core.view.ViewCompat' type=kotlin.Unit origin=null
      ARG p0: CALL 'public open fun findViewById <T> (p0: kotlin.Int): @[FlexibleNullability] T of com.example.attendease.ui.auth.LoginActivity.findViewById? [fake_override] declared in com.example.attendease.ui.auth.LoginActivity' type=@[FlexibleNullability] android.view.View? origin=null
        TYPE_ARG T: @[FlexibleNullability] android.view.View?
        ARG <this>: GET_VAR '<this>: com.example.attendease.ui.auth.LoginActivity declared in com.example.attendease.ui.auth.LoginActivity.onCreate' type=com.example.attendease.ui.auth.LoginActivity origin=IMPLICIT_ARGUMENT
        ARG p0: GET_FIELD 'FIELD IR_EXTERNAL_JAVA_DECLARATION_STUB name:login_screen type:kotlin.Int visibility:public [static] declared in com.example.attendease.R.id' type=kotlin.Int superQualifierSymbol=com.example.attendease.R.id origin=null
      ARG p1: BLOCK type=@[Nullable] androidx.core.view.OnApplyWindowInsetsListener origin=LAMBDA
        COMPOSITE type=kotlin.Unit origin=null
        CALL 'public final fun <jvm-indy> <T> (dynamicCall: T of kotlin.jvm.internal.<jvm-indy>, bootstrapMethodHandle: kotlin.Any, vararg bootstrapMethodArguments: kotlin.Any): T of kotlin.jvm.internal.<jvm-indy> declared in kotlin.jvm.internal' type=@[Nullable] androidx.core.view.OnApplyWindowInsetsListener origin=null
          TYPE_ARG T: @[Nullable] androidx.core.view.OnApplyWindowInsetsListener
          ARG dynamicCall: CALL 'public final fun onApplyWindowInsets (): @[Nullable] androidx.core.view.OnApplyWindowInsetsListener declared in kotlin.jvm.internal.invokeDynamic' type=@[Nullable] androidx.core.view.OnApplyWindowInsetsListener origin=null
          ARG bootstrapMethodHandle: CALL 'public final fun <jvm-method-handle> (tag: kotlin.Int, owner: kotlin.String, name: kotlin.String, descriptor: kotlin.String, isInterface: kotlin.Boolean): kotlin.Any declared in kotlin.jvm.internal' type=kotlin.Any origin=null
            ARG tag: CONST Int type=kotlin.Int value=6
            ARG owner: CONST String type=kotlin.String value="java/lang/invoke/LambdaMetafactory"
            ARG name: CONST String type=kotlin.String value="metafactory"
            ARG descriptor: CONST String type=kotlin.String value="(Ljava/lang/invoke/MethodHandles$Lookup;Ljava/lang/String;Ljava/lang/invoke/MethodType;Ljava/lang/invoke/MethodType;Ljava/lang/invoke/MethodHandle;Ljava/lang/invoke/MethodType;)Ljava/lang/invoke/CallSite;"
            ARG isInterface: CONST Boolean type=kotlin.Boolean value=false
          ARG bootstrapMethodArguments: VARARG type=kotlin.Array<kotlin.Any> varargElementType=kotlin.Any
            CALL 'public final fun <jvm-original-method-type> (method: kotlin.Any): kotlin.Any declared in kotlin.jvm.internal' type=kotlin.Any origin=null
              ARG method: RAW_FUNCTION_REFERENCE 'public abstract fun onApplyWindowInsets (p0: @[NonNull] @[EnhancedNullability] android.view.View, p1: @[NonNull] @[EnhancedNullability] androidx.core.view.WindowInsetsCompat): @[NonNull] @[EnhancedNullability] androidx.core.view.WindowInsetsCompat declared in androidx.core.view.OnApplyWindowInsetsListener' type=kotlin.Any
            RAW_FUNCTION_REFERENCE 'private final fun onCreate$lambda$0 (v: @[EnhancedNullability] @[NonNull] android.view.View, insets: @[EnhancedNullability] @[NonNull] androidx.core.view.WindowInsetsCompat): @[EnhancedNullability] @[NonNull] androidx.core.view.WindowInsetsCompat declared in com.example.attendease.ui.auth.LoginActivity' type=kotlin.Any
            CALL 'public final fun <jvm-original-method-type> (method: kotlin.Any): kotlin.Any declared in kotlin.jvm.internal' type=kotlin.Any origin=null
              ARG method: RAW_FUNCTION_REFERENCE 'public abstract fun onApplyWindowInsets (p0: @[NonNull] @[EnhancedNullability] android.view.View, p1: @[NonNull] @[EnhancedNullability] androidx.core.view.WindowInsetsCompat): @[NonNull] @[EnhancedNullability] androidx.core.view.WindowInsetsCompat [fake_override] declared in kotlin.jvm.internal.invokeDynamic.<fake>' type=kotlin.Any
    VAR name:context type:android.content.Context [val]
      CALL 'public final fun <get-current> (): T of androidx.compose.runtime.CompositionLocal [inline] declared in androidx.compose.runtime.CompositionLocal' type=android.content.Context origin=GET_PROPERTY
        ARG <this>: TYPE_OP type=androidx.compose.runtime.CompositionLocal<T of androidx.compose.runtime.CompositionLocal> origin=IMPLICIT_CAST typeOperand=androidx.compose.runtime.CompositionLocal<T of androidx.compose.runtime.CompositionLocal>
          CALL 'public final fun <get-LocalContext> (): androidx.compose.runtime.ProvidableCompositionLocal<android.content.Context> declared in androidx.compose.ui.platform.AndroidCompositionLocals_androidKt' type=androidx.compose.runtime.ProvidableCompositionLocal<android.content.Context> origin=GET_PROPERTY
    VAR name:scope type:kotlinx.coroutines.CoroutineScope [val]
      CALL 'public final fun rememberCoroutineScope$default (getContext: @[DisallowComposableCalls] kotlin.Function0<kotlin.coroutines.CoroutineContext>?, $mask0: kotlin.Int, $handler: kotlin.Any?): kotlinx.coroutines.CoroutineScope [inline] declared in androidx.compose.runtime.EffectsKt' type=kotlinx.coroutines.CoroutineScope origin=DEFAULT_DISPATCH_CALL
        ARG getContext: COMPOSITE type=@[DisallowComposableCalls] kotlin.Function0<kotlin.coroutines.CoroutineContext>? origin=DEFAULT_VALUE
          CONST Null type=@[DisallowComposableCalls] kotlin.Function0<kotlin.coroutines.CoroutineContext>? value=null
        ARG $mask0: CONST Int type=kotlin.Int value=1
        ARG $handler: CONST Null type=kotlin.Any? value=null
    VAR name:launcher type:androidx.activity.compose.ManagedActivityResultLauncher<android.content.Intent, androidx.activity.result.ActivityResult> [val]
      CALL 'public final fun rememberLauncherForActivityResult <I, O> (contract: androidx.activity.result.contract.ActivityResultContract<I of androidx.activity.compose.ActivityResultRegistryKt.rememberLauncherForActivityResult, O of androidx.activity.compose.ActivityResultRegistryKt.rememberLauncherForActivityResult>, onResult: kotlin.Function1<O of androidx.activity.compose.ActivityResultRegistryKt.rememberLauncherForActivityResult, kotlin.Unit>): androidx.activity.compose.ManagedActivityResultLauncher<I of androidx.activity.compose.ActivityResultRegistryKt.rememberLauncherForActivityResult, O of androidx.activity.compose.ActivityResultRegistryKt.rememberLauncherForActivityResult> declared in androidx.activity.compose.ActivityResultRegistryKt' type=androidx.activity.compose.ManagedActivityResultLauncher<android.content.Intent, androidx.activity.result.ActivityResult> origin=null
        TYPE_ARG I: android.content.Intent
        TYPE_ARG O: androidx.activity.result.ActivityResult
        ARG contract: CONSTRUCTOR_CALL 'public constructor <init> () [primary] declared in androidx.activity.result.contract.ActivityResultContracts.StartActivityForResult' type=androidx.activity.result.contract.ActivityResultContracts.StartActivityForResult origin=null
        ARG onResult: BLOCK type=kotlin.Function1<androidx.activity.result.ActivityResult, kotlin.Unit> origin=LAMBDA
          COMPOSITE type=kotlin.Unit origin=null
          CALL 'public final fun <jvm-indy> <T> (dynamicCall: T of kotlin.jvm.internal.<jvm-indy>, bootstrapMethodHandle: kotlin.Any, vararg bootstrapMethodArguments: kotlin.Any): T of kotlin.jvm.internal.<jvm-indy> declared in kotlin.jvm.internal' type=kotlin.Function1<androidx.activity.result.ActivityResult, kotlin.Unit> origin=null
            TYPE_ARG T: kotlin.Function1<androidx.activity.result.ActivityResult, kotlin.Unit>
            ARG dynamicCall: CALL 'public final fun invoke (p0: android.content.Context, p1: kotlinx.coroutines.CoroutineScope, p2: com.example.attendease.ui.auth.LoginActivity): kotlin.Function1<androidx.activity.result.ActivityResult, kotlin.Unit> declared in kotlin.jvm.internal.invokeDynamic' type=kotlin.Function1<androidx.activity.result.ActivityResult, kotlin.Unit> origin=null
              ARG p0: GET_VAR 'val context: android.content.Context [val] declared in com.example.attendease.ui.auth.LoginActivity.onCreate' type=android.content.Context origin=null
              ARG p1: GET_VAR 'val scope: kotlinx.coroutines.CoroutineScope [val] declared in com.example.attendease.ui.auth.LoginActivity.onCreate' type=kotlinx.coroutines.CoroutineScope origin=null
              ARG p2: GET_VAR '<this>: com.example.attendease.ui.auth.LoginActivity declared in com.example.attendease.ui.auth.LoginActivity.onCreate' type=com.example.attendease.ui.auth.LoginActivity origin=null
            ARG bootstrapMethodHandle: CALL 'public final fun <jvm-method-handle> (tag: kotlin.Int, owner: kotlin.String, name: kotlin.String, descriptor: kotlin.String, isInterface: kotlin.Boolean): kotlin.Any declared in kotlin.jvm.internal' type=kotlin.Any origin=null
              ARG tag: CONST Int type=kotlin.Int value=6
              ARG owner: CONST String type=kotlin.String value="java/lang/invoke/LambdaMetafactory"
              ARG name: CONST String type=kotlin.String value="metafactory"
              ARG descriptor: CONST String type=kotlin.String value="(Ljava/lang/invoke/MethodHandles$Lookup;Ljava/lang/String;Ljava/lang/invoke/MethodType;Ljava/lang/invoke/MethodType;Ljava/lang/invoke/MethodHandle;Ljava/lang/invoke/MethodType;)Ljava/lang/invoke/CallSite;"
              ARG isInterface: CONST Boolean type=kotlin.Boolean value=false
            ARG bootstrapMethodArguments: VARARG type=kotlin.Array<kotlin.Any> varargElementType=kotlin.Any
              CALL 'public final fun <jvm-original-method-type> (method: kotlin.Any): kotlin.Any declared in kotlin.jvm.internal' type=kotlin.Any origin=null
                ARG method: RAW_FUNCTION_REFERENCE 'public abstract fun invoke (p1: P1 of kotlin.Function1): R of kotlin.Function1 [operator] declared in kotlin.Function1' type=kotlin.Any
              RAW_FUNCTION_REFERENCE 'private final fun onCreate$lambda$1 ($context: android.content.Context, $scope: kotlinx.coroutines.CoroutineScope, this$0: com.example.attendease.ui.auth.LoginActivity, result: androidx.activity.result.ActivityResult): kotlin.Unit? declared in com.example.attendease.ui.auth.LoginActivity' type=kotlin.Any
              CALL 'public final fun <jvm-original-method-type> (method: kotlin.Any): kotlin.Any declared in kotlin.jvm.internal' type=kotlin.Any origin=null
                ARG method: RAW_FUNCTION_REFERENCE 'public abstract fun invoke (p1: androidx.activity.result.ActivityResult): kotlin.Unit? [fake_override,operator] declared in kotlin.jvm.internal.invokeDynamic.<fake>' type=kotlin.Any
    CALL 'public open fun setOnClickListener (p0: @[EnhancedNullability] android.view.View.OnClickListener?): kotlin.Unit [fake_override] declared in android.widget.ImageButton' type=kotlin.Unit origin=null
      ARG <this>: GET_FIELD 'FIELD IR_EXTERNAL_JAVA_DECLARATION_STUB name:googleButton type:@[EnhancedNullability] android.widget.ImageButton visibility:public [final] declared in com.example.attendease.databinding.LoginScreenBinding' type=@[EnhancedNullability] android.widget.ImageButton superQualifierSymbol=com.example.attendease.databinding.LoginScreenBinding origin=null
        receiver: BLOCK type=com.example.attendease.databinding.LoginScreenBinding origin=FOLDED_ELVIS
          WHEN type=com.example.attendease.databinding.LoginScreenBinding origin=FOLDED_ELVIS
            BRANCH
              if: COMPOSITE type=kotlin.Boolean origin=null
                VAR IR_TEMPORARY_VARIABLE name:tmp0 type:com.example.attendease.databinding.LoginScreenBinding? [val]
                  GET_FIELD 'FIELD PROPERTY_BACKING_FIELD name:binding type:com.example.attendease.databinding.LoginScreenBinding? visibility:private' type=com.example.attendease.databinding.LoginScreenBinding? origin=null
                    receiver: GET_VAR '<this>: com.example.attendease.ui.auth.LoginActivity declared in com.example.attendease.ui.auth.LoginActivity.onCreate' type=com.example.attendease.ui.auth.LoginActivity origin=IMPLICIT_ARGUMENT
                CALL 'public final fun not (): kotlin.Boolean [operator] declared in kotlin.Boolean' type=kotlin.Boolean origin=null
                  ARG <this>: CALL 'public final fun EQEQ (arg0: kotlin.Any?, arg1: kotlin.Any?): kotlin.Boolean declared in kotlin.internal.ir' type=kotlin.Boolean origin=null
                    ARG arg0: GET_VAR 'val tmp0: com.example.attendease.databinding.LoginScreenBinding? [val] declared in com.example.attendease.ui.auth.LoginActivity.onCreate' type=com.example.attendease.databinding.LoginScreenBinding? origin=null
                    ARG arg1: CONST Null type=kotlin.Nothing? value=null
              then: GET_VAR 'val tmp0: com.example.attendease.databinding.LoginScreenBinding? [val] declared in com.example.attendease.ui.auth.LoginActivity.onCreate' type=com.example.attendease.databinding.LoginScreenBinding? origin=null
            BRANCH
              if: CONST Boolean type=kotlin.Boolean value=true
              then: BLOCK type=kotlin.Unit origin=null
                CALL 'public final fun throwUninitializedPropertyAccessException (propertyName: kotlin.String): kotlin.Unit declared in kotlin.jvm.internal.Intrinsics' type=kotlin.Unit origin=null
                  ARG propertyName: CONST String type=kotlin.String value="binding"
      ARG p0: BLOCK type=android.view.View.OnClickListener origin=LAMBDA
        COMPOSITE type=kotlin.Unit origin=null
        CALL 'public final fun <jvm-indy> <T> (dynamicCall: T of kotlin.jvm.internal.<jvm-indy>, bootstrapMethodHandle: kotlin.Any, vararg bootstrapMethodArguments: kotlin.Any): T of kotlin.jvm.internal.<jvm-indy> declared in kotlin.jvm.internal' type=android.view.View.OnClickListener origin=null
          TYPE_ARG T: android.view.View.OnClickListener
          ARG dynamicCall: CALL 'public final fun onClick (p0: android.content.Context, p1: kotlinx.coroutines.CoroutineScope, p2: androidx.activity.compose.ManagedActivityResultLauncher<android.content.Intent, androidx.activity.result.ActivityResult>, p3: com.example.attendease.ui.auth.LoginActivity): android.view.View.OnClickListener declared in kotlin.jvm.internal.invokeDynamic' type=android.view.View.OnClickListener origin=null
            ARG p0: GET_VAR 'val context: android.content.Context [val] declared in com.example.attendease.ui.auth.LoginActivity.onCreate' type=android.content.Context origin=null
            ARG p1: GET_VAR 'val scope: kotlinx.coroutines.CoroutineScope [val] declared in com.example.attendease.ui.auth.LoginActivity.onCreate' type=kotlinx.coroutines.CoroutineScope origin=null
            ARG p2: GET_VAR 'val launcher: androidx.activity.compose.ManagedActivityResultLauncher<android.content.Intent, androidx.activity.result.ActivityResult> [val] declared in com.example.attendease.ui.auth.LoginActivity.onCreate' type=androidx.activity.compose.ManagedActivityResultLauncher<android.content.Intent, androidx.activity.result.ActivityResult> origin=null
            ARG p3: GET_VAR '<this>: com.example.attendease.ui.auth.LoginActivity declared in com.example.attendease.ui.auth.LoginActivity.onCreate' type=com.example.attendease.ui.auth.LoginActivity origin=null
          ARG bootstrapMethodHandle: CALL 'public final fun <jvm-method-handle> (tag: kotlin.Int, owner: kotlin.String, name: kotlin.String, descriptor: kotlin.String, isInterface: kotlin.Boolean): kotlin.Any declared in kotlin.jvm.internal' type=kotlin.Any origin=null
            ARG tag: CONST Int type=kotlin.Int value=6
            ARG owner: CONST String type=kotlin.String value="java/lang/invoke/LambdaMetafactory"
            ARG name: CONST String type=kotlin.String value="metafactory"
            ARG descriptor: CONST String type=kotlin.String value="(Ljava/lang/invoke/MethodHandles$Lookup;Ljava/lang/String;Ljava/lang/invoke/MethodType;Ljava/lang/invoke/MethodType;Ljava/lang/invoke/MethodHandle;Ljava/lang/invoke/MethodType;)Ljava/lang/invoke/CallSite;"
            ARG isInterface: CONST Boolean type=kotlin.Boolean value=false
          ARG bootstrapMethodArguments: VARARG type=kotlin.Array<kotlin.Any> varargElementType=kotlin.Any
            CALL 'public final fun <jvm-original-method-type> (method: kotlin.Any): kotlin.Any declared in kotlin.jvm.internal' type=kotlin.Any origin=null
              ARG method: RAW_FUNCTION_REFERENCE 'public abstract fun onClick (p0: @[FlexibleNullability] android.view.View?): kotlin.Unit declared in android.view.View.OnClickListener' type=kotlin.Any
            RAW_FUNCTION_REFERENCE 'private final fun onCreate$lambda$2 ($context: android.content.Context, $scope: kotlinx.coroutines.CoroutineScope, $launcher: androidx.activity.compose.ManagedActivityResultLauncher<android.content.Intent, androidx.activity.result.ActivityResult>, this$0: com.example.attendease.ui.auth.LoginActivity, it: @[FlexibleNullability] android.view.View?): kotlin.Unit declared in com.example.attendease.ui.auth.LoginActivity' type=kotlin.Any
            CALL 'public final fun <jvm-original-method-type> (method: kotlin.Any): kotlin.Any declared in kotlin.jvm.internal' type=kotlin.Any origin=null
              ARG method: RAW_FUNCTION_REFERENCE 'public abstract fun onClick (p0: @[FlexibleNullability] android.view.View?): kotlin.Unit [fake_override] declared in kotlin.jvm.internal.invokeDynamic.<fake>' type=kotlin.Any
    CALL 'public open fun setOnClickListener (p0: @[EnhancedNullability] android.view.View.OnClickListener?): kotlin.Unit [fake_override] declared in android.widget.TextView' type=kotlin.Unit origin=null
      ARG <this>: GET_FIELD 'FIELD IR_EXTERNAL_JAVA_DECLARATION_STUB name:signUpText type:@[EnhancedNullability] android.widget.TextView visibility:public [final] declared in com.example.attendease.databinding.LoginScreenBinding' type=@[EnhancedNullability] android.widget.TextView superQualifierSymbol=com.example.attendease.databinding.LoginScreenBinding origin=null
        receiver: BLOCK type=com.example.attendease.databinding.LoginScreenBinding origin=FOLDED_ELVIS
          WHEN type=com.example.attendease.databinding.LoginScreenBinding origin=FOLDED_ELVIS
            BRANCH
              if: COMPOSITE type=kotlin.Boolean origin=null
                VAR IR_TEMPORARY_VARIABLE name:tmp0 type:com.example.attendease.databinding.LoginScreenBinding? [val]
                  GET_FIELD 'FIELD PROPERTY_BACKING_FIELD name:binding type:com.example.attendease.databinding.LoginScreenBinding? visibility:private' type=com.example.attendease.databinding.LoginScreenBinding? origin=null
                    receiver: GET_VAR '<this>: com.example.attendease.ui.auth.LoginActivity declared in com.example.attendease.ui.auth.LoginActivity.onCreate' type=com.example.attendease.ui.auth.LoginActivity origin=IMPLICIT_ARGUMENT
                CALL 'public final fun not (): kotlin.Boolean [operator] declared in kotlin.Boolean' type=kotlin.Boolean origin=null
                  ARG <this>: CALL 'public final fun EQEQ (arg0: kotlin.Any?, arg1: kotlin.Any?): kotlin.Boolean declared in kotlin.internal.ir' type=kotlin.Boolean origin=null
                    ARG arg0: GET_VAR 'val tmp0: com.example.attendease.databinding.LoginScreenBinding? [val] declared in com.example.attendease.ui.auth.LoginActivity.onCreate' type=com.example.attendease.databinding.LoginScreenBinding? origin=null
                    ARG arg1: CONST Null type=kotlin.Nothing? value=null
              then: GET_VAR 'val tmp0: com.example.attendease.databinding.LoginScreenBinding? [val] declared in com.example.attendease.ui.auth.LoginActivity.onCreate' type=com.example.attendease.databinding.LoginScreenBinding? origin=null
            BRANCH
              if: CONST Boolean type=kotlin.Boolean value=true
              then: BLOCK type=kotlin.Unit origin=null
                CALL 'public final fun throwUninitializedPropertyAccessException (propertyName: kotlin.String): kotlin.Unit declared in kotlin.jvm.internal.Intrinsics' type=kotlin.Unit origin=null
                  ARG propertyName: CONST String type=kotlin.String value="binding"
      ARG p0: BLOCK type=android.view.View.OnClickListener origin=LAMBDA
        COMPOSITE type=kotlin.Unit origin=null
        CALL 'public final fun <jvm-indy> <T> (dynamicCall: T of kotlin.jvm.internal.<jvm-indy>, bootstrapMethodHandle: kotlin.Any, vararg bootstrapMethodArguments: kotlin.Any): T of kotlin.jvm.internal.<jvm-indy> declared in kotlin.jvm.internal' type=android.view.View.OnClickListener origin=null
          TYPE_ARG T: android.view.View.OnClickListener
          ARG dynamicCall: CALL 'public final fun onClick (p0: com.example.attendease.ui.auth.LoginActivity): android.view.View.OnClickListener declared in kotlin.jvm.internal.invokeDynamic' type=android.view.View.OnClickListener origin=null
            ARG p0: GET_VAR '<this>: com.example.attendease.ui.auth.LoginActivity declared in com.example.attendease.ui.auth.LoginActivity.onCreate' type=com.example.attendease.ui.auth.LoginActivity origin=null
          ARG bootstrapMethodHandle: CALL 'public final fun <jvm-method-handle> (tag: kotlin.Int, owner: kotlin.String, name: kotlin.String, descriptor: kotlin.String, isInterface: kotlin.Boolean): kotlin.Any declared in kotlin.jvm.internal' type=kotlin.Any origin=null
            ARG tag: CONST Int type=kotlin.Int value=6
            ARG owner: CONST String type=kotlin.String value="java/lang/invoke/LambdaMetafactory"
            ARG name: CONST String type=kotlin.String value="metafactory"
            ARG descriptor: CONST String type=kotlin.String value="(Ljava/lang/invoke/MethodHandles$Lookup;Ljava/lang/String;Ljava/lang/invoke/MethodType;Ljava/lang/invoke/MethodType;Ljava/lang/invoke/MethodHandle;Ljava/lang/invoke/MethodType;)Ljava/lang/invoke/CallSite;"
            ARG isInterface: CONST Boolean type=kotlin.Boolean value=false
          ARG bootstrapMethodArguments: VARARG type=kotlin.Array<kotlin.Any> varargElementType=kotlin.Any
            CALL 'public final fun <jvm-original-method-type> (method: kotlin.Any): kotlin.Any declared in kotlin.jvm.internal' type=kotlin.Any origin=null
              ARG method: RAW_FUNCTION_REFERENCE 'public abstract fun onClick (p0: @[FlexibleNullability] android.view.View?): kotlin.Unit declared in android.view.View.OnClickListener' type=kotlin.Any
            RAW_FUNCTION_REFERENCE 'private final fun onCreate$lambda$3 (this$0: com.example.attendease.ui.auth.LoginActivity, it: @[FlexibleNullability] android.view.View?): kotlin.Unit declared in com.example.attendease.ui.auth.LoginActivity' type=kotlin.Any
            CALL 'public final fun <jvm-original-method-type> (method: kotlin.Any): kotlin.Any declared in kotlin.jvm.internal' type=kotlin.Any origin=null
              ARG method: RAW_FUNCTION_REFERENCE 'public abstract fun onClick (p0: @[FlexibleNullability] android.view.View?): kotlin.Unit [fake_override] declared in kotlin.jvm.internal.invokeDynamic.<fake>' type=kotlin.Any

	at org.jetbrains.kotlin.backend.jvm.codegen.FunctionCodegen.generate(FunctionCodegen.kt:53)
	at org.jetbrains.kotlin.backend.jvm.codegen.FunctionCodegen.generate$default(FunctionCodegen.kt:46)
	at org.jetbrains.kotlin.backend.jvm.codegen.ClassCodegen.generateMethodNode(ClassCodegen.kt:422)
	at org.jetbrains.kotlin.backend.jvm.codegen.ClassCodegen.generateMethod(ClassCodegen.kt:439)
	at org.jetbrains.kotlin.backend.jvm.codegen.ClassCodegen.generate(ClassCodegen.kt:164)
	at org.jetbrains.kotlin.backend.jvm.JvmIrCodegenFactory.generateFile(JvmIrCodegenFactory.kt:446)
	at org.jetbrains.kotlin.backend.jvm.JvmIrCodegenFactory.invokeCodegen(JvmIrCodegenFactory.kt:413)
	at org.jetbrains.kotlin.cli.jvm.compiler.KotlinToJVMBytecodeCompiler.runCodegen$cli(KotlinToJVMBytecodeCompiler.kt:425)
	at org.jetbrains.kotlin.cli.pipeline.jvm.JvmBackendPipelinePhase.executePhase(JvmBackendPipelinePhase.kt:89)
	at org.jetbrains.kotlin.cli.pipeline.jvm.JvmBackendPipelinePhase.executePhase(JvmBackendPipelinePhase.kt:27)
	at org.jetbrains.kotlin.cli.pipeline.PipelinePhase.phaseBody(PipelinePhase.kt:68)
	at org.jetbrains.kotlin.cli.pipeline.PipelinePhase.phaseBody(PipelinePhase.kt:58)
	at org.jetbrains.kotlin.config.phaser.NamedCompilerPhase.invoke(CompilerPhase.kt:102)
	at org.jetbrains.kotlin.backend.common.phaser.CompositePhase.invoke(PhaseBuilders.kt:22)
	at org.jetbrains.kotlin.config.phaser.CompilerPhaseKt.invokeToplevel(CompilerPhase.kt:53)
	at org.jetbrains.kotlin.cli.pipeline.AbstractCliPipeline.runPhasedPipeline(AbstractCliPipeline.kt:109)
	at org.jetbrains.kotlin.cli.pipeline.AbstractCliPipeline.execute(AbstractCliPipeline.kt:68)
	at org.jetbrains.kotlin.cli.jvm.K2JVMCompiler.doExecutePhased(K2JVMCompiler.kt:79)
	at org.jetbrains.kotlin.cli.jvm.K2JVMCompiler.doExecutePhased(K2JVMCompiler.kt:45)
	at org.jetbrains.kotlin.cli.common.CLICompiler.execImpl(CLICompiler.kt:90)
	at org.jetbrains.kotlin.cli.common.CLICompiler.exec(CLICompiler.kt:352)
	at org.jetbrains.kotlin.incremental.IncrementalJvmCompilerRunnerBase.runCompiler(IncrementalJvmCompilerRunnerBase.kt:176)
	at org.jetbrains.kotlin.incremental.IncrementalJvmCompilerRunnerBase.runCompiler(IncrementalJvmCompilerRunnerBase.kt:39)
	at org.jetbrains.kotlin.incremental.IncrementalCompilerRunner.doCompile(IncrementalCompilerRunner.kt:499)
	at org.jetbrains.kotlin.incremental.IncrementalCompilerRunner.compileImpl(IncrementalCompilerRunner.kt:416)
	at org.jetbrains.kotlin.incremental.IncrementalCompilerRunner.tryCompileIncrementally$lambda$0$compile(IncrementalCompilerRunner.kt:249)
	at org.jetbrains.kotlin.incremental.IncrementalCompilerRunner.tryCompileIncrementally(IncrementalCompilerRunner.kt:267)
	at org.jetbrains.kotlin.incremental.IncrementalCompilerRunner.compile(IncrementalCompilerRunner.kt:119)
	at org.jetbrains.kotlin.daemon.CompileServiceImplBase.execIncrementalCompiler(CompileServiceImpl.kt:684)
	at org.jetbrains.kotlin.daemon.CompileServiceImplBase.access$execIncrementalCompiler(CompileServiceImpl.kt:94)
	at org.jetbrains.kotlin.daemon.CompileServiceImpl.compile(CompileServiceImpl.kt:1810)
	at java.base/jdk.internal.reflect.DirectMethodHandleAccessor.invoke(Unknown Source)
	at java.base/java.lang.reflect.Method.invoke(Unknown Source)
	at java.rmi/sun.rmi.server.UnicastServerRef.dispatch(Unknown Source)
	at java.rmi/sun.rmi.transport.Transport$1.run(Unknown Source)
	at java.rmi/sun.rmi.transport.Transport$1.run(Unknown Source)
	at java.base/java.security.AccessController.doPrivileged(Unknown Source)
	at java.rmi/sun.rmi.transport.Transport.serviceCall(Unknown Source)
	at java.rmi/sun.rmi.transport.tcp.TCPTransport.handleMessages(Unknown Source)
	at java.rmi/sun.rmi.transport.tcp.TCPTransport$ConnectionHandler.run0(Unknown Source)
	at java.rmi/sun.rmi.transport.tcp.TCPTransport$ConnectionHandler.lambda$run$0(Unknown Source)
	at java.base/java.security.AccessController.doPrivileged(Unknown Source)
	at java.rmi/sun.rmi.transport.tcp.TCPTransport$ConnectionHandler.run(Unknown Source)
	at java.base/java.util.concurrent.ThreadPoolExecutor.runWorker(Unknown Source)
	at java.base/java.util.concurrent.ThreadPoolExecutor$Worker.run(Unknown Source)
	at java.base/java.lang.Thread.run(Unknown Source)
Caused by: org.jetbrains.kotlin.codegen.CompilationException: Back-end (JVM) Internal error: Couldn't inline method call: CALL 'public final fun <get-current> (): T of androidx.compose.runtime.CompositionLocal [inline] declared in androidx.compose.runtime.CompositionLocal' type=android.content.Context origin=GET_PROPERTY
Method: null
File is unknown
The root cause java.lang.IllegalStateException was thrown at: org.jetbrains.kotlin.codegen.inline.SourceCompilerForInlineKt.getMethodNode(SourceCompilerForInline.kt:129)
	at org.jetbrains.kotlin.backend.jvm.codegen.IrInlineCodegen.genInlineCall(IrInlineCodegen.kt:82)
	at org.jetbrains.kotlin.backend.jvm.codegen.IrInlineCallGenerator.genCall(IrInlineCallGenerator.kt:36)
	at org.jetbrains.kotlin.backend.jvm.codegen.ExpressionCodegen.visitCall(ExpressionCodegen.kt:589)
	at org.jetbrains.kotlin.backend.jvm.codegen.ExpressionCodegen.visitCall(ExpressionCodegen.kt:134)
	at org.jetbrains.kotlin.ir.expressions.IrCall.accept(IrCall.kt:24)
	at org.jetbrains.kotlin.backend.jvm.codegen.ExpressionCodegen.visitVariable(ExpressionCodegen.kt:729)
	at org.jetbrains.kotlin.backend.jvm.codegen.ExpressionCodegen.visitVariable(ExpressionCodegen.kt:134)
	at org.jetbrains.kotlin.ir.declarations.IrVariable.accept(IrVariable.kt:36)
	at org.jetbrains.kotlin.backend.jvm.codegen.ExpressionCodegen.visitStatementContainer(ExpressionCodegen.kt:530)
	at org.jetbrains.kotlin.backend.jvm.codegen.ExpressionCodegen.visitBlockBody(ExpressionCodegen.kt:535)
	at org.jetbrains.kotlin.backend.jvm.codegen.ExpressionCodegen.visitBlockBody(ExpressionCodegen.kt:134)
	at org.jetbrains.kotlin.ir.expressions.IrBlockBody.accept(IrBlockBody.kt:20)
	at org.jetbrains.kotlin.backend.jvm.codegen.ExpressionCodegen.generate(ExpressionCodegen.kt:232)
	at org.jetbrains.kotlin.backend.jvm.codegen.FunctionCodegen.doGenerate(FunctionCodegen.kt:129)
	at org.jetbrains.kotlin.backend.jvm.codegen.FunctionCodegen.generate(FunctionCodegen.kt:50)
	... 45 more
Caused by: java.lang.IllegalStateException: couldn't find inline method Landroidx/compose/runtime/CompositionLocal;.getCurrent()Ljava/lang/Object;
	at org.jetbrains.kotlin.codegen.inline.SourceCompilerForInlineKt.getMethodNode(SourceCompilerForInline.kt:129)
	at org.jetbrains.kotlin.codegen.inline.SourceCompilerForInlineKt.loadCompiledInlineFunction$lambda$0(SourceCompilerForInline.kt:98)
	at org.jetbrains.kotlin.codegen.inline.InlineCache.computeMethodBytes(InlineCache.kt:90)
	at org.jetbrains.kotlin.codegen.inline.SourceCompilerForInlineKt.loadCompiledInlineFunction(SourceCompilerForInline.kt:93)
	at org.jetbrains.kotlin.backend.jvm.codegen.IrSourceCompilerForInline.compileInlineFunction(IrSourceCompilerForInline.kt:96)
	at org.jetbrains.kotlin.backend.jvm.codegen.IrInlineCodegen.genInlineCall(IrInlineCodegen.kt:65)
	... 59 more


